Determining if the pthread_create exist failed with the following output:
Change Dir: /home/fshs/work_0319/catkin_ws/src/hirop_ros/gripper_bridge-build/CMakeFiles/CMakeTmp

Run Build Command:"/usr/bin/make" "cmTC_c5b49/fast"
/usr/bin/make -f CMakeFiles/cmTC_c5b49.dir/build.make CMakeFiles/cmTC_c5b49.dir/build
make[1]: Entering directory '/home/fshs/work_0319/catkin_ws/src/hirop_ros/gripper_bridge-build/CMakeFiles/CMakeTmp'
Building C object CMakeFiles/cmTC_c5b49.dir/CheckSymbolExists.c.o
/usr/bin/cc     -o CMakeFiles/cmTC_c5b49.dir/CheckSymbolExists.c.o   -c /home/fshs/work_0319/catkin_ws/src/hirop_ros/gripper_bridge-build/CMakeFiles/CMakeTmp/CheckSymbolExists.c
Linking C executable cmTC_c5b49
/usr/bin/cmake -E cmake_link_script CMakeFiles/cmTC_c5b49.dir/link.txt --verbose=1
/usr/bin/cc       CMakeFiles/cmTC_c5b49.dir/CheckSymbolExists.c.o  -o cmTC_c5b49 -rdynamic 
CMakeFiles/cmTC_c5b49.dir/CheckSymbolExists.c.o：在函数‘main’中：
CheckSymbolExists.c:(.text+0x16)：对‘pthread_create’未定义的引用
collect2: error: ld returned 1 exit status
CMakeFiles/cmTC_c5b49.dir/build.make:97: recipe for target 'cmTC_c5b49' failed
make[1]: *** [cmTC_c5b49] Error 1
make[1]: Leaving directory '/home/fshs/work_0319/catkin_ws/src/hirop_ros/gripper_bridge-build/CMakeFiles/CMakeTmp'
Makefile:126: recipe for target 'cmTC_c5b49/fast' failed
make: *** [cmTC_c5b49/fast] Error 2

File /home/fshs/work_0319/catkin_ws/src/hirop_ros/gripper_bridge-build/CMakeFiles/CMakeTmp/CheckSymbolExists.c:
/* */
#include <pthread.h>

int main(int argc, char** argv)
{
  (void)argv;
#ifndef pthread_create
  return ((int*)(&pthread_create))[argc];
#else
  (void)argc;
  return 0;
#endif
}

Determining if the function pthread_create exists in the pthreads failed with the following output:
Change Dir: /home/fshs/work_0319/catkin_ws/src/hirop_ros/gripper_bridge-build/CMakeFiles/CMakeTmp

Run Build Command:"/usr/bin/make" "cmTC_3ba82/fast"
/usr/bin/make -f CMakeFiles/cmTC_3ba82.dir/build.make CMakeFiles/cmTC_3ba82.dir/build
make[1]: Entering directory '/home/fshs/work_0319/catkin_ws/src/hirop_ros/gripper_bridge-build/CMakeFiles/CMakeTmp'
Building C object CMakeFiles/cmTC_3ba82.dir/CheckFunctionExists.c.o
/usr/bin/cc    -DCHECK_FUNCTION_EXISTS=pthread_create   -o CMakeFiles/cmTC_3ba82.dir/CheckFunctionExists.c.o   -c /usr/share/cmake-3.5/Modules/CheckFunctionExists.c
Linking C executable cmTC_3ba82
/usr/bin/cmake -E cmake_link_script CMakeFiles/cmTC_3ba82.dir/link.txt --verbose=1
/usr/bin/cc   -DCHECK_FUNCTION_EXISTS=pthread_create    CMakeFiles/cmTC_3ba82.dir/CheckFunctionExists.c.o  -o cmTC_3ba82 -rdynamic -lpthreads 
/usr/bin/ld: 找不到 -lpthreads
collect2: error: ld returned 1 exit status
CMakeFiles/cmTC_3ba82.dir/build.make:97: recipe for target 'cmTC_3ba82' failed
make[1]: *** [cmTC_3ba82] Error 1
make[1]: Leaving directory '/home/fshs/work_0319/catkin_ws/src/hirop_ros/gripper_bridge-build/CMakeFiles/CMakeTmp'
Makefile:126: recipe for target 'cmTC_3ba82/fast' failed
make: *** [cmTC_3ba82/fast] Error 2


